[debug] [2025-04-07T10:12:09.597Z] ----------------------------------------------------------------------
[debug] [2025-04-07T10:12:09.599Z] Command:       C:\Program Files\nodejs\node.exe C:\Users\hp\AppData\Roaming\npm\node_modules\firebase-tools\lib\bin\firebase.js init
[debug] [2025-04-07T10:12:09.599Z] CLI Version:   14.1.0
[debug] [2025-04-07T10:12:09.599Z] Platform:      win32
[debug] [2025-04-07T10:12:09.599Z] Node Version:  v22.11.0
[debug] [2025-04-07T10:12:09.599Z] Time:          Mon Apr 07 2025 17:12:09 GMT+0700 (Indochina Time)
[debug] [2025-04-07T10:12:09.599Z] ----------------------------------------------------------------------
[debug] 
[debug] [2025-04-07T10:12:09.606Z] > command requires scopes: ["email","openid","https://www.googleapis.com/auth/cloudplatformprojects.readonly","https://www.googleapis.com/auth/firebase","https://www.googleapis.com/auth/cloud-platform"]
[debug] [2025-04-07T10:12:09.606Z] > authorizing via signed-in user (truonghai6a1@gmail.com)
[info] 
     ######## #### ########  ######## ########     ###     ######  ########
     ##        ##  ##     ## ##       ##     ##  ##   ##  ##       ##
     ######    ##  ########  ######   ########  #########  ######  ######
     ##        ##  ##    ##  ##       ##     ## ##     ##       ## ##
     ##       #### ##     ## ######## ########  ##     ##  ######  ########

You're about to initialize a Firebase project in this directory:

  D:\CCS_Level_Editor_Ver_1.8.1\LevelEditorWeb

[info] 
=== Project Setup
[info] 
[info] First, let's associate this project directory with a Firebase project.
[info] You can create multiple project aliases by running firebase use --add, 
[info] but for now we'll just set up a default project.
[info] 
[debug] [2025-04-07T10:12:25.881Z] Checked if tokens are valid: false, expires at: 1734450756518
[debug] [2025-04-07T10:12:25.882Z] Checked if tokens are valid: false, expires at: 1734450756518
[debug] [2025-04-07T10:12:25.882Z] > refreshing access token with scopes: []
[debug] [2025-04-07T10:12:25.883Z] >>> [apiv2][query] POST https://www.googleapis.com/oauth2/v3/token [none]
[debug] [2025-04-07T10:12:25.883Z] >>> [apiv2][body] POST https://www.googleapis.com/oauth2/v3/token [omitted]
[debug] [2025-04-07T10:12:26.149Z] <<< [apiv2][status] POST https://www.googleapis.com/oauth2/v3/token 200
[debug] [2025-04-07T10:12:26.149Z] <<< [apiv2][body] POST https://www.googleapis.com/oauth2/v3/token [omitted]
[debug] [2025-04-07T10:12:26.156Z] >>> [apiv2][query] GET https://firebase.googleapis.com/v1beta1/projects pageSize=100
[debug] [2025-04-07T10:12:26.757Z] <<< [apiv2][status] GET https://firebase.googleapis.com/v1beta1/projects 200
[debug] [2025-04-07T10:12:26.757Z] <<< [apiv2][body] GET https://firebase.googleapis.com/v1beta1/projects [omitted]
[info] i  Using project ccs-level-editor (ccs-level-editor) 
[info] 
=== Hosting Setup
[debug] [2025-04-07T10:12:29.066Z] Checked if tokens are valid: true, expires at: 1744024345149
[debug] [2025-04-07T10:12:29.066Z] Checked if tokens are valid: true, expires at: 1744024345149
[debug] [2025-04-07T10:12:29.066Z] >>> [apiv2][query] GET https://firebase.googleapis.com/v1beta1/projects/ccs-level-editor [none]
[debug] [2025-04-07T10:12:29.331Z] <<< [apiv2][status] GET https://firebase.googleapis.com/v1beta1/projects/ccs-level-editor 200
[debug] [2025-04-07T10:12:29.331Z] <<< [apiv2][body] GET https://firebase.googleapis.com/v1beta1/projects/ccs-level-editor {"projectId":"ccs-level-editor","projectNumber":"10424890215","displayName":"ccs-level-editor","name":"projects/ccs-level-editor","resources":{"hostingSite":"ccs-level-editor"},"state":"ACTIVE","etag":"1_850b7292-5eb1-4a3b-b75a-0b208d9dea11"}
[info] 
[info] Your public directory is the folder (relative to your project directory) that
[info] will contain Hosting assets to be uploaded with firebase deploy. If you
[info] have a build process for your assets, use your build's output directory.
[info] 
